<?xml version="1.0" encoding="UTF-8"?>
<!-- Generated by org.testng.reporters.JUnitReportReporter -->
<testsuite hostname="DTBLR01LP237" failures="0" tests="4" name="com.ActiTime.tests.AssignedpageTest" time="130.488" errors="0" timestamp="2023-04-26T14:55:30 IST" skipped="0">
  <testcase classname="com.ActiTime.tests.AssignedpageTest" name="clickNasa" time="24.424"/>
  <system-out/>
  <testcase classname="com.ActiTime.tests.AssignedpageTest" name="checkdetails" time="78.247"/>
  <system-out/>
  <testcase classname="com.ActiTime.tests.AssignedpageTest" name="reportedUser" time="3.116"/>
  <system-out/>
  <testcase classname="com.ActiTime.tests.AssignedpageTest" name="AssignedUser" time="24.701"/>
  <system-out/>
</testsuite> <!-- com.ActiTime.tests.AssignedpageTest -->
