<?xml version="1.0" encoding="UTF-8"?>
<!-- Generated by org.testng.reporters.JUnitReportReporter -->
<testsuite hostname="DTBLR01LP237" failures="0" tests="1" name="com.OrangeHRM.tests.LoginpageTest" time="18.294" errors="0" timestamp="2023-04-10T10:11:54 IST" skipped="0">
  <testcase classname="com.OrangeHRM.tests.LoginpageTest" name="logintest" time="18.294"/>
  <system-out/>
</testsuite> <!-- com.OrangeHRM.tests.LoginpageTest -->
