<?xml version="1.0" encoding="UTF-8"?>
<!-- Generated by org.testng.reporters.JUnitReportReporter -->
<testsuite hostname="DTBLR01LP237" failures="0" tests="8" name="com.ActiTime.tests.ActionspageTest" time="228.261" errors="0" timestamp="2023-05-09T17:09:44 IST" skipped="0">
  <testcase classname="com.ActiTime.tests.ActionspageTest" name="verifyProject" time="15.332"/>
  <system-out/>
  <testcase classname="com.ActiTime.tests.ActionspageTest" name="verifyTasks" time="32.152"/>
  <system-out/>
  <testcase classname="com.ActiTime.tests.ActionspageTest" name="clickNasa" time="31.070"/>
  <system-out/>
  <testcase classname="com.ActiTime.tests.ActionspageTest" name="checkdetails" time="58.409"/>
  <system-out/>
  <testcase classname="com.ActiTime.tests.ActionspageTest" name="reportedUser" time="0.074"/>
  <system-out/>
  <testcase classname="com.ActiTime.tests.ActionspageTest" name="AssignedUser" time="21.990"/>
  <system-out/>
  <testcase classname="com.ActiTime.tests.ActionspageTest" name="Managers" time="18.784"/>
  <system-out/>
  <testcase classname="com.ActiTime.tests.ActionspageTest" name="Actions" time="50.450"/>
  <system-out/>
</testsuite> <!-- com.ActiTime.tests.ActionspageTest -->
