<?xml version="1.0" encoding="UTF-8"?>
<!-- Generated by org.testng.reporters.JUnitReportReporter -->
<testsuite hostname="DTBLR01LP237" failures="0" tests="2" name="com.ActiTime.tests.DetailpageTest" time="109.137" errors="0" timestamp="2023-05-02T10:59:56 IST" skipped="0">
  <testcase classname="com.ActiTime.tests.DetailpageTest" name="clickNasa" time="30.446"/>
  <system-out/>
  <testcase classname="com.ActiTime.tests.DetailpageTest" name="checkdetails" time="78.691"/>
  <system-out/>
</testsuite> <!-- com.ActiTime.tests.DetailpageTest -->
