<?xml version="1.0" encoding="UTF-8"?>
<!-- Generated by org.testng.reporters.JUnitReportReporter -->
<testsuite hostname="DTBLR01LP237" failures="0" tests="3" name="com.ActiTime.tests.IntegrationpageTest" time="107.287" errors="0" timestamp="2023-05-08T11:42:25 IST" skipped="0">
  <testcase classname="com.ActiTime.tests.IntegrationpageTest" name="clickNasa" time="18.243"/>
  <system-out/>
  <testcase classname="com.ActiTime.tests.IntegrationpageTest" name="clickIntegration" time="64.179"/>
  <system-out/>
  <testcase classname="com.ActiTime.tests.IntegrationpageTest" name="clickLeaveManagement" time="24.865"/>
  <system-out/>
</testsuite> <!-- com.ActiTime.tests.IntegrationpageTest -->
