<?xml version="1.0" encoding="UTF-8"?>
<!-- Generated by org.testng.reporters.JUnitReportReporter -->
<testsuite hostname="DTBLR01LP237" failures="0" tests="3" name="com.ActiTime.tests.ReportedpageTest" time="96.153" errors="0" timestamp="2023-04-25T10:43:09 IST" skipped="0">
  <testcase classname="com.ActiTime.tests.ReportedpageTest" name="clickNasa" time="25.925"/>
  <system-out/>
  <testcase classname="com.ActiTime.tests.ReportedpageTest" name="checkdetails" time="67.096"/>
  <system-out/>
  <testcase classname="com.ActiTime.tests.ReportedpageTest" name="reportedUser" time="3.132"/>
  <system-out/>
</testsuite> <!-- com.ActiTime.tests.ReportedpageTest -->
