<?xml version="1.0" encoding="UTF-8"?>
<!-- Generated by org.testng.reporters.JUnitReportReporter -->
<testsuite hostname="DTBLR01LP237" failures="0" tests="5" name="com.ActiTime.tests.ManagerspageTest" time="192.384" errors="0" timestamp="2023-05-03T13:01:50 IST" skipped="0">
  <testcase classname="com.ActiTime.tests.ManagerspageTest" name="clickNasa" time="61.639"/>
  <system-out/>
  <testcase classname="com.ActiTime.tests.ManagerspageTest" name="checkdetails" time="81.341"/>
  <system-out/>
  <testcase classname="com.ActiTime.tests.ManagerspageTest" name="reportedUser" time="3.124"/>
  <system-out/>
  <testcase classname="com.ActiTime.tests.ManagerspageTest" name="AssignedUser" time="24.688"/>
  <system-out/>
  <testcase classname="com.ActiTime.tests.ManagerspageTest" name="Managers" time="21.592"/>
  <system-out/>
</testsuite> <!-- com.ActiTime.tests.ManagerspageTest -->
